# JRE version: OpenJDK Runtime Environment (8.0_152-b06) (build 1.8.0_152-release-1136-b06)
# Java VM: OpenJDK 64-Bit Server VM (25.152-b06 mixed mode linux-amd64 compressed oops)
Heap:
 PSYoungGen      total 422400K, used 83197K [0x00000000e0000000, 0x00000000ff400000, 0x0000000100000000)
  eden space 344064K, 22% used [0x00000000e0000000,0x00000000e4a1d940,0x00000000f5000000)
  from space 78336K, 9% used [0x00000000fa780000,0x00000000faea1eb8,0x00000000ff400000)
  to   space 83968K, 0% used [0x00000000f5000000,0x00000000f5000000,0x00000000fa200000)
 ParOldGen       total 405504K, used 278611K [0x00000000a0000000, 0x00000000b8c00000, 0x00000000e0000000)
  object space 405504K, 68% used [0x00000000a0000000,0x00000000b1014d90,0x00000000b8c00000)
 Metaspace       used 120217K, capacity 127298K, committed 129536K, reserved 1163264K
  class space    used 14087K, capacity 15405K, committed 15872K, reserved 1048576K
GC Heap History (10 events):
Event: 8746.603 GC heap before
{Heap before GC invocations=132 (full 10):
 PSYoungGen      total 410112K, used 317814K [0x00000000e0000000, 0x0000000100000000, 0x0000000100000000)
  eden space 310272K, 100% used [0x00000000e0000000,0x00000000f2f00000,0x00000000f2f00000)
  from space 99840K, 7% used [0x00000000f2f00000,0x00000000f365da70,0x00000000f9080000)
  to   space 95232K, 0% used [0x00000000fa300000,0x00000000fa300000,0x0000000100000000)
 ParOldGen       total 405504K, used 264923K [0x00000000a0000000, 0x00000000b8c00000, 0x00000000e0000000)
  object space 405504K, 65% used [0x00000000a0000000,0x00000000b02b6fe8,0x00000000b8c00000)
 Metaspace       used 119166K, capacity 126052K, committed 129280K, reserved 1163264K
  class space    used 13979K, capacity 15242K, committed 15872K, reserved 1048576K
Event: 8746.608 GC heap after
Heap after GC invocations=132 (full 10):
 PSYoungGen      total 412672K, used 4554K [0x00000000e0000000, 0x00000000ff480000, 0x0000000100000000)
  eden space 329216K, 0% used [0x00000000e0000000,0x00000000e0000000,0x00000000f4180000)
  from space 83456K, 5% used [0x00000000fa300000,0x00000000fa772ab0,0x00000000ff480000)
  to   space 91648K, 0% used [0x00000000f4180000,0x00000000f4180000,0x00000000f9b00000)
 ParOldGen       total 405504K, used 265306K [0x00000000a0000000, 0x00000000b8c00000, 0x00000000e0000000)
  object space 405504K, 65% used [0x00000000a0000000,0x00000000b0316998,0x00000000b8c00000)
 Metaspace       used 119166K, capacity 126052K, committed 129280K, reserved 1163264K
  class space    used 13979K, capacity 15242K, committed 15872K, reserved 1048576K
}
Event: 8747.459 GC heap before
{Heap before GC invocations=133 (full 10):
 PSYoungGen      total 412672K, used 332780K [0x00000000e0000000, 0x00000000ff480000, 0x0000000100000000)
  eden space 329216K, 99% used [0x00000000e0000000,0x00000000f40887e0,0x00000000f4180000)
  from space 83456K, 5% used [0x00000000fa300000,0x00000000fa772ab0,0x00000000ff480000)
  to   space 91648K, 0% used [0x00000000f4180000,0x00000000f4180000,0x00000000f9b00000)
 ParOldGen       total 405504K, used 265306K [0x00000000a0000000, 0x00000000b8c00000, 0x00000000e0000000)
  object space 405504K, 65% used [0x00000000a0000000,0x00000000b0316998,0x00000000b8c00000)
 Metaspace       used 119190K, capacity 126052K, committed 129280K, reserved 1163264K
  class space    used 13979K, capacity 15242K, committed 15872K, reserved 1048576K
Event: 8747.466 GC heap after
Heap after GC invocations=133 (full 10):
 PSYoungGen      total 420864K, used 4819K [0x00000000e0000000, 0x0000000100000000, 0x0000000100000000)
  eden space 329216K, 0% used [0x00000000e0000000,0x00000000e0000000,0x00000000f4180000)
  from space 91648K, 5% used [0x00000000f4180000,0x00000000f4634c00,0x00000000f9b00000)
  to   space 87552K, 0% used [0x00000000faa80000,0x00000000faa80000,0x0000000100000000)
 ParOldGen       total 405504K, used 266766K [0x00000000a0000000, 0x00000000b8c00000, 0x00000000e0000000)
  object space 405504K, 65% used [0x00000000a0000000,0x00000000b0483b48,0x00000000b8c00000)
 Metaspace       used 119190K, capacity 126052K, committed 129280K, reserved 1163264K
  class space    used 13979K, capacity 15242K, committed 15872K, reserved 1048576K
}
Event: 9401.208 GC heap before
{Heap before GC invocations=134 (full 10):
 PSYoungGen      total 420864K, used 334035K [0x00000000e0000000, 0x0000000100000000, 0x0000000100000000)
  eden space 329216K, 100% used [0x00000000e0000000,0x00000000f4180000,0x00000000f4180000)
  from space 91648K, 5% used [0x00000000f4180000,0x00000000f4634c00,0x00000000f9b00000)
  to   space 87552K, 0% used [0x00000000faa80000,0x00000000faa80000,0x0000000100000000)
 ParOldGen       total 405504K, used 266766K [0x00000000a0000000, 0x00000000b8c00000, 0x00000000e0000000)
  object space 405504K, 65% used [0x00000000a0000000,0x00000000b0483b48,0x00000000b8c00000)
 Metaspace       used 119676K, capacity 126654K, committed 129280K, reserved 1163264K
  class space    used 14032K, capacity 15315K, committed 15872K, reserved 1048576K
Event: 9401.236 GC heap after
Heap after GC invocations=134 (full 10):
 PSYoungGen      total 428544K, used 49991K [0x00000000e0000000, 0x0000000100000000, 0x0000000100000000)
  eden space 340992K, 0% used [0x00000000e0000000,0x00000000e0000000,0x00000000f4d00000)
  from space 87552K, 57% used [0x00000000faa80000,0x00000000fdb51d08,0x0000000100000000)
  to   space 91648K, 0% used [0x00000000f4d00000,0x00000000f4d00000,0x00000000fa680000)
 ParOldGen       total 405504K, used 269805K [0x00000000a0000000, 0x00000000b8c00000, 0x00000000e0000000)
  object space 405504K, 66% used [0x00000000a0000000,0x00000000b077b5a0,0x00000000b8c00000)
 Metaspace       used 119676K, capacity 126654K, committed 129280K, reserved 1163264K
  class space    used 14032K, capacity 15315K, committed 15872K, reserved 1048576K
}
Event: 9402.319 GC heap before
{Heap before GC invocations=135 (full 10):
 PSYoungGen      total 428544K, used 390983K [0x00000000e0000000, 0x0000000100000000, 0x0000000100000000)
  eden space 340992K, 100% used [0x00000000e0000000,0x00000000f4d00000,0x00000000f4d00000)
  from space 87552K, 57% used [0x00000000faa80000,0x00000000fdb51d08,0x0000000100000000)
  to   space 91648K, 0% used [0x00000000f4d00000,0x00000000f4d00000,0x00000000fa680000)
 ParOldGen       total 405504K, used 269805K [0x00000000a0000000, 0x00000000b8c00000, 0x00000000e0000000)
  object space 405504K, 66% used [0x00000000a0000000,0x00000000b077b5a0,0x00000000b8c00000)
 Metaspace       used 119988K, capacity 126954K, committed 129280K, reserved 1163264K
  class space    used 14055K, capacity 15349K, committed 15872K, reserved 1048576K
Event: 9402.329 GC heap after
Heap after GC invocations=135 (full 10):
 PSYoungGen      total 432640K, used 3168K [0x00000000e0000000, 0x00000000ffe00000, 0x0000000100000000)
  eden space 340992K, 0% used [0x00000000e0000000,0x00000000e0000000,0x00000000f4d00000)
  from space 91648K, 3% used [0x00000000f4d00000,0x00000000f50183c0,0x00000000fa680000)
  to   space 88576K, 0% used [0x00000000fa780000,0x00000000fa780000,0x00000000ffe00000)
 ParOldGen       total 405504K, used 277238K [0x00000000a0000000, 0x00000000b8c00000, 0x00000000e0000000)
  object space 405504K, 68% used [0x00000000a0000000,0x00000000b0ebda50,0x00000000b8c00000)
 Metaspace       used 119988K, capacity 126954K, committed 129280K, reserved 1163264K
  class space    used 14055K, capacity 15349K, committed 15872K, reserved 1048576K
}
Event: 11900.910 GC heap before
{Heap before GC invocations=136 (full 10):
 PSYoungGen      total 432640K, used 344160K [0x00000000e0000000, 0x00000000ffe00000, 0x0000000100000000)
  eden space 340992K, 100% used [0x00000000e0000000,0x00000000f4d00000,0x00000000f4d00000)
  from space 91648K, 3% used [0x00000000f4d00000,0x00000000f50183c0,0x00000000fa680000)
  to   space 88576K, 0% used [0x00000000fa780000,0x00000000fa780000,0x00000000ffe00000)
 ParOldGen       total 405504K, used 277238K [0x00000000a0000000, 0x00000000b8c00000, 0x00000000e0000000)
  object space 405504K, 68% used [0x00000000a0000000,0x00000000b0ebda50,0x00000000b8c00000)
 Metaspace       used 120007K, capacity 126960K, committed 129280K, reserved 1163264K
  class space    used 14056K, capacity 15350K, committed 15872K, reserved 1048576K
Event: 11900.918 GC heap after
Heap after GC invocations=136 (full 10):
 PSYoungGen      total 422400K, used 7303K [0x00000000e0000000, 0x00000000ff400000, 0x0000000100000000)
  eden space 344064K, 0% used [0x00000000e0000000,0x00000000e0000000,0x00000000f5000000)
  from space 78336K, 9% used [0x00000000fa780000,0x00000000faea1eb8,0x00000000ff400000)
  to   space 83968K, 0% used [0x00000000f5000000,0x00000000f5000000,0x00000000fa200000)
 ParOldGen       total 405504K, used 278611K [0x00000000a0000000, 0x00000000b8c00000, 0x00000000e0000000)
  object space 405504K, 68% used [0x00000000a0000000,0x00000000b1014d90,0x00000000b8c00000)
 Metaspace       used 120007K, capacity 126960K, committed 129280K, reserved 1163264K
  class space    used 14056K, capacity 15350K, committed 15872K, reserved 1048576K
}

